This file contains any messages produced by compilers while
running configure, to aid debugging if configure makes a mistake.

It was created by market configure 0.1, which was
generated by GNU Autoconf 2.69.  Invocation command line was

  $ ./configure 

## --------- ##
## Platform. ##
## --------- ##

hostname = zhangyiqis-iMac.local
uname -m = x86_64
uname -r = 14.5.0
uname -s = Darwin
uname -v = Darwin Kernel Version 14.5.0: Tue Sep  1 21:23:09 PDT 2015; root:xnu-2782.50.1~1/RELEASE_X86_64

/usr/bin/uname -p = i386
/bin/uname -X     = unknown

/bin/arch              = unknown
/usr/bin/arch -k       = unknown
/usr/convex/getsysinfo = unknown
/usr/bin/hostinfo      = Mach kernel version:
	 Darwin Kernel Version 14.5.0: Tue Sep  1 21:23:09 PDT 2015; root:xnu-2782.50.1~1/RELEASE_X86_64
Kernel configured for up to 8 processors.
4 processors are physically available.
8 processors are logically available.
Processor type: x86_64h (Intel x86-64h Haswell)
Processors active: 0 1 2 3 4 5 6 7
Primary memory available: 16.00 gigabytes
Default processor set: 334 tasks, 2753 threads, 8 processors
Load average: 3.02, Mach factor: 4.97
/bin/machine           = unknown
/usr/bin/oslevel       = unknown
/bin/universe          = unknown

PATH: /Users/zhangyiqi/.nvm/versions/node/v6.3.0/bin
PATH: /usr/local/bin
PATH: /usr/bin
PATH: /bin
PATH: /usr/sbin
PATH: /sbin
PATH: /Applications/CMake.app/Contents/bin
PATH: /usr/local/go/bin


## ----------- ##
## Core tests. ##
## ----------- ##

configure:1883: checking for a BSD-compatible install
configure:1951: result: /usr/bin/install -c
configure:1962: checking whether build environment is sane
configure:2017: result: yes
configure:2168: checking for a thread-safe mkdir -p
configure:2207: result: ./install-sh -c -d
configure:2214: checking for gawk
configure:2244: result: no
configure:2214: checking for mawk
configure:2244: result: no
configure:2214: checking for nawk
configure:2244: result: no
configure:2214: checking for awk
configure:2230: found /usr/bin/awk
configure:2241: result: awk
configure:2252: checking whether make sets $(MAKE)
configure:2274: result: yes
configure:2303: checking whether make supports nested variables
configure:2320: result: yes
configure:2505: checking for g++
configure:2521: found /usr/bin/g++
configure:2532: result: g++
configure:2559: checking for C++ compiler version
configure:2568: g++ --version >&5
Apple LLVM version 7.0.2 (clang-700.1.81)
Target: x86_64-apple-darwin14.5.0
Thread model: posix
Configured with: --prefix=/Applications/Xcode.app/Contents/Developer/usr --with-gxx-include-dir=/usr/include/c++/4.2.1
configure:2579: $? = 0
configure:2568: g++ -v >&5
Configured with: --prefix=/Applications/Xcode.app/Contents/Developer/usr --with-gxx-include-dir=/usr/include/c++/4.2.1
Apple LLVM version 7.0.2 (clang-700.1.81)
Target: x86_64-apple-darwin14.5.0
Thread model: posix
configure:2579: $? = 0
configure:2568: g++ -V >&5
clang: error: argument to '-V' is missing (expected 1 value)
clang: error: no input files
configure:2579: $? = 1
configure:2568: g++ -qversion >&5
clang: error: unknown argument: '-qversion'
clang: error: no input files
configure:2579: $? = 1
configure:2599: checking whether the C++ compiler works
configure:2621: g++    conftest.cpp  >&5
configure:2625: $? = 0
configure:2673: result: yes
configure:2676: checking for C++ compiler default output file name
configure:2678: result: a.out
configure:2684: checking for suffix of executables
configure:2691: g++ -o conftest    conftest.cpp  >&5
configure:2695: $? = 0
configure:2717: result: 
configure:2739: checking whether we are cross compiling
configure:2747: g++ -o conftest    conftest.cpp  >&5
configure:2751: $? = 0
configure:2758: ./conftest
configure:2762: $? = 0
configure:2777: result: no
configure:2782: checking for suffix of object files
configure:2804: g++ -c   conftest.cpp >&5
configure:2808: $? = 0
configure:2829: result: o
configure:2833: checking whether we are using the GNU C++ compiler
configure:2852: g++ -c   conftest.cpp >&5
configure:2852: $? = 0
configure:2861: result: yes
configure:2870: checking whether g++ accepts -g
configure:2890: g++ -c -g  conftest.cpp >&5
configure:2890: $? = 0
configure:2931: result: yes
configure:2965: checking for style of include used by make
configure:2993: result: GNU
configure:3019: checking dependency style of g++
configure:3130: result: gcc3
configure:3193: checking for gcc
configure:3209: found /usr/bin/gcc
configure:3220: result: gcc
configure:3449: checking for C compiler version
configure:3458: gcc --version >&5
Apple LLVM version 7.0.2 (clang-700.1.81)
Target: x86_64-apple-darwin14.5.0
Thread model: posix
Configured with: --prefix=/Applications/Xcode.app/Contents/Developer/usr --with-gxx-include-dir=/usr/include/c++/4.2.1
configure:3469: $? = 0
configure:3458: gcc -v >&5
Configured with: --prefix=/Applications/Xcode.app/Contents/Developer/usr --with-gxx-include-dir=/usr/include/c++/4.2.1
Apple LLVM version 7.0.2 (clang-700.1.81)
Target: x86_64-apple-darwin14.5.0
Thread model: posix
configure:3469: $? = 0
configure:3458: gcc -V >&5
clang: error: argument to '-V' is missing (expected 1 value)
clang: error: no input files
configure:3469: $? = 1
configure:3458: gcc -qversion >&5
clang: error: unknown argument: '-qversion'
clang: error: no input files
configure:3469: $? = 1
configure:3473: checking whether we are using the GNU C compiler
configure:3492: gcc -c   conftest.c >&5
configure:3492: $? = 0
configure:3501: result: yes
configure:3510: checking whether gcc accepts -g
configure:3530: gcc -c -g  conftest.c >&5
configure:3530: $? = 0
configure:3571: result: yes
configure:3588: checking for gcc option to accept ISO C89
configure:3651: gcc  -c -g -O2  conftest.c >&5
configure:3651: $? = 0
configure:3664: result: none needed
configure:3689: checking whether gcc understands -c and -o together
configure:3711: gcc -c conftest.c -o conftest2.o
configure:3714: $? = 0
configure:3711: gcc -c conftest.c -o conftest2.o
configure:3714: $? = 0
configure:3726: result: yes
configure:3745: checking dependency style of gcc
configure:3856: result: gcc3
configure:3921: checking for ar
configure:3937: found /usr/bin/ar
configure:3948: result: ar
configure:3974: checking the archiver (ar) interface
configure:3990: gcc -c -g -O2  conftest.c >&5
configure:3990: $? = 0
configure:3992: ar cru libconftest.a conftest.o >&5
configure:3995: $? = 0
configure:4023: result: ar
configure:4086: checking for ranlib
configure:4102: found /usr/bin/ranlib
configure:4113: result: ranlib
configure:4249: checking that generated files are newer than configure
configure:4255: result: done
configure:4282: creating ./config.status

## ---------------------- ##
## Running config.status. ##
## ---------------------- ##

This file was extended by market config.status 0.1, which was
generated by GNU Autoconf 2.69.  Invocation command line was

  CONFIG_FILES    = 
  CONFIG_HEADERS  = 
  CONFIG_LINKS    = 
  CONFIG_COMMANDS = 
  $ ./config.status 

on zhangyiqis-iMac.local

config.status:850: creating Makefile
config.status:850: creating src/Makefile
config.status:850: creating src/core/Makefile
config.status:850: creating config.h
config.status:1031: config.h is unchanged
config.status:1079: executing depfiles commands

## ---------------- ##
## Cache variables. ##
## ---------------- ##

ac_cv_c_compiler_gnu=yes
ac_cv_cxx_compiler_gnu=yes
ac_cv_env_CCC_set=
ac_cv_env_CCC_value=
ac_cv_env_CC_set=
ac_cv_env_CC_value=
ac_cv_env_CFLAGS_set=
ac_cv_env_CFLAGS_value=
ac_cv_env_CPPFLAGS_set=
ac_cv_env_CPPFLAGS_value=
ac_cv_env_CXXFLAGS_set=
ac_cv_env_CXXFLAGS_value=
ac_cv_env_CXX_set=
ac_cv_env_CXX_value=
ac_cv_env_LDFLAGS_set=
ac_cv_env_LDFLAGS_value=
ac_cv_env_LIBS_set=
ac_cv_env_LIBS_value=
ac_cv_env_build_alias_set=
ac_cv_env_build_alias_value=
ac_cv_env_host_alias_set=
ac_cv_env_host_alias_value=
ac_cv_env_target_alias_set=
ac_cv_env_target_alias_value=
ac_cv_objext=o
ac_cv_path_install='/usr/bin/install -c'
ac_cv_prog_AWK=awk
ac_cv_prog_ac_ct_AR=ar
ac_cv_prog_ac_ct_CC=gcc
ac_cv_prog_ac_ct_CXX=g++
ac_cv_prog_ac_ct_RANLIB=ranlib
ac_cv_prog_cc_c89=
ac_cv_prog_cc_g=yes
ac_cv_prog_cxx_g=yes
ac_cv_prog_make_make_set=yes
am_cv_CC_dependencies_compiler_type=gcc3
am_cv_CXX_dependencies_compiler_type=gcc3
am_cv_ar_interface=ar
am_cv_make_support_nested_variables=yes
am_cv_prog_cc_c_o=yes

## ----------------- ##
## Output variables. ##
## ----------------- ##

ACLOCAL='${SHELL} /Users/zhangyiqi/Documents/Workfiles/VMWarePhpDevelopment/code/market/missing aclocal-1.15'
AMDEPBACKSLASH='\'
AMDEP_FALSE='#'
AMDEP_TRUE=''
AMTAR='$${TAR-tar}'
AM_BACKSLASH='\'
AM_DEFAULT_V='$(AM_DEFAULT_VERBOSITY)'
AM_DEFAULT_VERBOSITY='1'
AM_V='$(V)'
AR='ar'
AUTOCONF='${SHELL} /Users/zhangyiqi/Documents/Workfiles/VMWarePhpDevelopment/code/market/missing autoconf'
AUTOHEADER='${SHELL} /Users/zhangyiqi/Documents/Workfiles/VMWarePhpDevelopment/code/market/missing autoheader'
AUTOMAKE='${SHELL} /Users/zhangyiqi/Documents/Workfiles/VMWarePhpDevelopment/code/market/missing automake-1.15'
AWK='awk'
CC='gcc'
CCDEPMODE='depmode=gcc3'
CFLAGS='-g -O2'
CPPFLAGS=''
CXX='g++'
CXXDEPMODE='depmode=gcc3'
CXXFLAGS='-g -O2'
CYGPATH_W='echo'
DEFS='-DHAVE_CONFIG_H'
DEPDIR='.deps'
ECHO_C='\c'
ECHO_N=''
ECHO_T=''
EXEEXT=''
INSTALL_DATA='${INSTALL} -m 644'
INSTALL_PROGRAM='${INSTALL}'
INSTALL_SCRIPT='${INSTALL}'
INSTALL_STRIP_PROGRAM='$(install_sh) -c -s'
LDFLAGS=''
LIBOBJS=''
LIBS=''
LTLIBOBJS=''
MAKEINFO='${SHELL} /Users/zhangyiqi/Documents/Workfiles/VMWarePhpDevelopment/code/market/missing makeinfo'
MKDIR_P='./install-sh -c -d'
OBJEXT='o'
PACKAGE='market'
PACKAGE_BUGREPORT='jerry_techtree@126.com'
PACKAGE_NAME='market'
PACKAGE_STRING='market 0.1'
PACKAGE_TARNAME='market'
PACKAGE_URL=''
PACKAGE_VERSION='0.1'
PATH_SEPARATOR=':'
RANLIB='ranlib'
SET_MAKE=''
SHELL='/bin/sh'
STRIP=''
VERSION='0.1'
ac_ct_AR='ar'
ac_ct_CC='gcc'
ac_ct_CXX='g++'
am__EXEEXT_FALSE=''
am__EXEEXT_TRUE='#'
am__fastdepCC_FALSE='#'
am__fastdepCC_TRUE=''
am__fastdepCXX_FALSE='#'
am__fastdepCXX_TRUE=''
am__include='include'
am__isrc=''
am__leading_dot='.'
am__nodep='_no'
am__quote=''
am__tar='$${TAR-tar} chof - "$$tardir"'
am__untar='$${TAR-tar} xf -'
bindir='${exec_prefix}/bin'
build_alias=''
datadir='${datarootdir}'
datarootdir='${prefix}/share'
docdir='${datarootdir}/doc/${PACKAGE_TARNAME}'
dvidir='${docdir}'
exec_prefix='${prefix}'
host_alias=''
htmldir='${docdir}'
includedir='${prefix}/include'
infodir='${datarootdir}/info'
install_sh='${SHELL} /Users/zhangyiqi/Documents/Workfiles/VMWarePhpDevelopment/code/market/install-sh'
libdir='${exec_prefix}/lib'
libexecdir='${exec_prefix}/libexec'
localedir='${datarootdir}/locale'
localstatedir='${prefix}/var'
mandir='${datarootdir}/man'
mkdir_p='$(MKDIR_P)'
oldincludedir='/usr/include'
pdfdir='${docdir}'
prefix='/usr/local'
program_transform_name='s,x,x,'
psdir='${docdir}'
sbindir='${exec_prefix}/sbin'
sharedstatedir='${prefix}/com'
sysconfdir='${prefix}/etc'
target_alias=''

## ----------- ##
## confdefs.h. ##
## ----------- ##

/* confdefs.h */
#define PACKAGE_NAME "market"
#define PACKAGE_TARNAME "market"
#define PACKAGE_VERSION "0.1"
#define PACKAGE_STRING "market 0.1"
#define PACKAGE_BUGREPORT "jerry_techtree@126.com"
#define PACKAGE_URL ""
#define PACKAGE "market"
#define VERSION "0.1"

configure: exit 0

## ---------------------- ##
## Running config.status. ##
## ---------------------- ##

This file was extended by market config.status 0.1, which was
generated by GNU Autoconf 2.69.  Invocation command line was

  CONFIG_FILES    = 
  CONFIG_HEADERS  = 
  CONFIG_LINKS    = 
  CONFIG_COMMANDS = 
  $ ./config.status config.h

on zhangyiqis-iMac.local

config.status:850: creating config.h
config.status:1031: config.h is unchanged
